<?xml version="1.0" encoding="UTF-8" ?>
<testsuite errors="10" failures="0" hostname="TETSU" name="assignment.PersonTest" skipped="0" tests="10" time="0.049" timestamp="2020-04-29T09:25:37">
  <properties>
[...]
</properties>
  <testcase classname="assignment.PersonTest" name="testGetPhone" time="0.004">
    <error type="java.lang.NullPointerException">java.lang.NullPointerException
	at assignment.PersonTest.testGetPhone(PersonTest.java:156)
</error>
  </testcase>
  <testcase classname="assignment.PersonTest" name="testGetAddress" time="0.0">
    <error type="java.lang.NullPointerException">java.lang.NullPointerException
	at assignment.PersonTest.testGetAddress(PersonTest.java:129)
</error>
  </testcase>
  <testcase classname="assignment.PersonTest" name="testGetName" time="0.0">
    <error type="java.lang.NullPointerException">java.lang.NullPointerException
	at assignment.PersonTest.testGetName(PersonTest.java:48)
</error>
  </testcase>
  <testcase classname="assignment.PersonTest" name="testSetDateOfBirth" time="0.0">
    <error type="java.lang.NullPointerException">java.lang.NullPointerException
	at assignment.PersonTest.testSetDateOfBirth(PersonTest.java:116)
</error>
  </testcase>
  <testcase classname="assignment.PersonTest" name="testSetGender" time="0.0">
    <error type="java.lang.NullPointerException">java.lang.NullPointerException
	at assignment.PersonTest.testSetGender(PersonTest.java:89)
</error>
  </testcase>
  <testcase classname="assignment.PersonTest" name="testSetAddress" time="0.001">
    <error type="java.lang.NullPointerException">java.lang.NullPointerException
	at assignment.PersonTest.testSetAddress(PersonTest.java:143)
</error>
  </testcase>
  <testcase classname="assignment.PersonTest" name="testGetGender" time="0.001">
    <error type="java.lang.NullPointerException">java.lang.NullPointerException
	at assignment.PersonTest.testGetGender(PersonTest.java:75)
</error>
  </testcase>
  <testcase classname="assignment.PersonTest" name="testSetName" time="0.001">
    <error type="java.lang.NullPointerException">java.lang.NullPointerException
	at assignment.PersonTest.testSetName(PersonTest.java:62)
</error>
  </testcase>
  <testcase classname="assignment.PersonTest" name="testGetDateOfBirth" time="0.001">
    <error type="java.lang.NullPointerException">java.lang.NullPointerException
	at assignment.PersonTest.testGetDateOfBirth(PersonTest.java:102)
</error>
  </testcase>
  <testcase classname="assignment.PersonTest" name="testSetPhone" time="0.001">
    <error type="java.lang.NullPointerException">java.lang.NullPointerException
	at assignment.PersonTest.testSetPhone(PersonTest.java:170)
</error>
  </testcase>
  <system-out><![CDATA[getPhone
getAddress
getName
setDateOfBirth
setGender
setAddress
getGender
setName
getDateOfBirth
setPhone
]]></system-out>
  <system-err><![CDATA[]]></system-err>
</testsuite>
